1573212163898	mozrunner::runner	INFO	Running command: "/Applications/Firefox.app/Contents/MacOS/firefox-bin" "-marionette" "-foreground" "-no-remote" "-profile" "/var/folders/hn/gcqdsj4j3056tn2s60lkfhtr0000gn/T/rust_mozprofilewiq2x1"
1573212165945	addons.webextension.screenshots@mozilla.org	WARN	Loading extension 'screenshots@mozilla.org': Reading manifest: Invalid extension permission: mozillaAddons
1573212165946	addons.webextension.screenshots@mozilla.org	WARN	Loading extension 'screenshots@mozilla.org': Reading manifest: Invalid extension permission: telemetry
1573212165946	addons.webextension.screenshots@mozilla.org	WARN	Loading extension 'screenshots@mozilla.org': Reading manifest: Invalid extension permission: resource://pdf.js/
1573212165946	addons.webextension.screenshots@mozilla.org	WARN	Loading extension 'screenshots@mozilla.org': Reading manifest: Invalid extension permission: about:reader*
1573212169769	Marionette	INFO	Listening on port 56775
1573212169848	Marionette	WARN	TLS certificate errors will be ignored for this session
JavaScript warning: https://static.adsafeprotected.com/sca.17.4.95.js, line 32: Array.slice is deprecated; use Array.prototype.slice instead
1573212270556	mozrunner::runner	INFO	Running command: "/Applications/Firefox.app/Contents/MacOS/firefox-bin" "-marionette" "-foreground" "-no-remote" "-profile" "/var/folders/hn/gcqdsj4j3056tn2s60lkfhtr0000gn/T/rust_mozprofile7XukSu"
1573212271339	addons.webextension.screenshots@mozilla.org	WARN	Loading extension 'screenshots@mozilla.org': Reading manifest: Invalid extension permission: mozillaAddons
1573212271339	addons.webextension.screenshots@mozilla.org	WARN	Loading extension 'screenshots@mozilla.org': Reading manifest: Invalid extension permission: telemetry
1573212271339	addons.webextension.screenshots@mozilla.org	WARN	Loading extension 'screenshots@mozilla.org': Reading manifest: Invalid extension permission: resource://pdf.js/
1573212271339	addons.webextension.screenshots@mozilla.org	WARN	Loading extension 'screenshots@mozilla.org': Reading manifest: Invalid extension permission: about:reader*
1573212273853	Marionette	INFO	Listening on port 57019
1573212273955	Marionette	WARN	TLS certificate errors will be ignored for this session
1573212298348	mozrunner::runner	INFO	Running command: "/Applications/Firefox.app/Contents/MacOS/firefox-bin" "-marionette" "-foreground" "-no-remote" "-profile" "/var/folders/hn/gcqdsj4j3056tn2s60lkfhtr0000gn/T/rust_mozprofilejgHekk"
1573212299417	addons.webextension.screenshots@mozilla.org	WARN	Loading extension 'screenshots@mozilla.org': Reading manifest: Invalid extension permission: mozillaAddons
1573212299417	addons.webextension.screenshots@mozilla.org	WARN	Loading extension 'screenshots@mozilla.org': Reading manifest: Invalid extension permission: telemetry
1573212299417	addons.webextension.screenshots@mozilla.org	WARN	Loading extension 'screenshots@mozilla.org': Reading manifest: Invalid extension permission: resource://pdf.js/
1573212299417	addons.webextension.screenshots@mozilla.org	WARN	Loading extension 'screenshots@mozilla.org': Reading manifest: Invalid extension permission: about:reader*
1573212301956	Marionette	INFO	Listening on port 57103
1573212302041	Marionette	WARN	TLS certificate errors will be ignored for this session

###!!! [Child][RunMessage] Error: Channel closing: too late to send/recv, messages will be lost


###!!! [Child][RunMessage] Error: Channel closing: too late to send/recv, messages will be lost


###!!! [Parent][RunMessage] Error: Channel error: cannot send/recv


###!!! [Parent][RunMessage] Error: Channel error: cannot send/recv


###!!! [Parent][RunMessage] Error: Channel error: cannot send/recv


###!!! [Parent][RunMessage] Error: Channel error: cannot send/recv


###!!! [Parent][RunMessage] Error: Channel error: cannot send/recv


###!!! [Parent][RunMessage] Error: Channel error: cannot send/recv


###!!! [Parent][RunMessage] Error: Channel error: cannot send/recv


###!!! [Parent][RunMessage] Error: Channel error: cannot send/recv


###!!! [Parent][RunMessage] Error: Channel error: cannot send/recv


###!!! [Parent][RunMessage] Error: Channel error: cannot send/recv


###!!! [Parent][RunMessage] Error: Channel error: cannot send/recv


###!!! [Parent][RunMessage] Error: Channel error: cannot send/recv


###!!! [Parent][RunMessage] Error: Channel error: cannot send/recv


###!!! [Parent][RunMessage] Error: Channel error: cannot send/recv


###!!! [Parent][RunMessage] Error: Channel error: cannot send/recv


###!!! [Parent][RunMessage] Error: Channel error: cannot send/recv


###!!! [Parent][RunMessage] Error: Channel error: cannot send/recv


###!!! [Parent][RunMessage] Error: Channel error: cannot send/recv


###!!! [Parent][RunMessage] Error: Channel error: cannot send/recv


###!!! [Parent][RunMessage] Error: Channel error: cannot send/recv


###!!! [Parent][RunMessage] Error: Channel error: cannot send/recv


###!!! [Parent][RunMessage] Error: Channel error: cannot send/recv


###!!! [Parent][RunMessage] Error: Channel error: cannot send/recv


###!!! [Parent][RunMessage] Error: Channel error: cannot send/recv


###!!! [Parent][RunMessage] Error: Channel error: cannot send/recv


###!!! [Parent][RunMessage] Error: Channel error: cannot send/recv


###!!! [Parent][RunMessage] Error: Channel error: cannot send/recv


###!!! [Parent][RunMessage] Error: Channel error: cannot send/recv


###!!! [Parent][RunMessage] Error: Channel error: cannot send/recv


###!!! [Parent][RunMessage] Error: Channel error: cannot send/recv


###!!! [Parent][RunMessage] Error: Channel error: cannot send/recv


###!!! [Parent][RunMessage] Error: Channel error: cannot send/recv


###!!! [Parent][RunMessage] Error: Channel error: cannot send/recv


###!!! [Parent][RunMessage] Error: Channel error: cannot send/recv


###!!! [Parent][RunMessage] Error: Channel error: cannot send/recv


###!!! [Parent][RunMessage] Error: Channel error: cannot send/recv


###!!! [Parent][RunMessage] Error: Channel error: cannot send/recv


###!!! [Parent][RunMessage] Error: Channel error: cannot send/recv


###!!! [Parent][RunMessage] Error: Channel error: cannot send/recv


###!!! [Parent][RunMessage] Error: Channel error: cannot send/recv


###!!! [Parent][MessageChannel] Error: (msgtype=0xD,name=PAPZ::Msg_Destroy) Channel error: cannot send/recv

1573212336582	Marionette	INFO	Stopped listening on port 56775
1573212339119	Marionette	INFO	Stopped listening on port 57019
1573212342022	Marionette	INFO	Stopped listening on port 57103
1573212362473	mozrunner::runner	INFO	Running command: "/Applications/Firefox.app/Contents/MacOS/firefox-bin" "-marionette" "-foreground" "-no-remote" "-profile" "/var/folders/hn/gcqdsj4j3056tn2s60lkfhtr0000gn/T/rust_mozprofiledtOanV"
1573212363124	addons.webextension.screenshots@mozilla.org	WARN	Loading extension 'screenshots@mozilla.org': Reading manifest: Invalid extension permission: mozillaAddons
1573212363125	addons.webextension.screenshots@mozilla.org	WARN	Loading extension 'screenshots@mozilla.org': Reading manifest: Invalid extension permission: telemetry
1573212363125	addons.webextension.screenshots@mozilla.org	WARN	Loading extension 'screenshots@mozilla.org': Reading manifest: Invalid extension permission: resource://pdf.js/
1573212363125	addons.webextension.screenshots@mozilla.org	WARN	Loading extension 'screenshots@mozilla.org': Reading manifest: Invalid extension permission: about:reader*
1573212365610	Marionette	INFO	Listening on port 57222
1573212365650	Marionette	WARN	TLS certificate errors will be ignored for this session
1573212391410	Marionette	INFO	Stopped listening on port 57222
1573213807452	mozrunner::runner	INFO	Running command: "/Applications/Firefox.app/Contents/MacOS/firefox-bin" "-marionette" "-foreground" "-no-remote" "-profile" "/var/folders/hn/gcqdsj4j3056tn2s60lkfhtr0000gn/T/rust_mozprofileotmwbA"
1573213808334	addons.webextension.screenshots@mozilla.org	WARN	Loading extension 'screenshots@mozilla.org': Reading manifest: Invalid extension permission: mozillaAddons
1573213808334	addons.webextension.screenshots@mozilla.org	WARN	Loading extension 'screenshots@mozilla.org': Reading manifest: Invalid extension permission: telemetry
1573213808335	addons.webextension.screenshots@mozilla.org	WARN	Loading extension 'screenshots@mozilla.org': Reading manifest: Invalid extension permission: resource://pdf.js/
1573213808335	addons.webextension.screenshots@mozilla.org	WARN	Loading extension 'screenshots@mozilla.org': Reading manifest: Invalid extension permission: about:reader*
1573213811254	Marionette	INFO	Listening on port 58288
1573213811344	Marionette	WARN	TLS certificate errors will be ignored for this session
1573213850112	mozrunner::runner	INFO	Running command: "/Applications/Firefox.app/Contents/MacOS/firefox-bin" "-marionette" "-foreground" "-no-remote" "-profile" "/var/folders/hn/gcqdsj4j3056tn2s60lkfhtr0000gn/T/rust_mozprofilezAqtMV"
1573213850760	addons.webextension.screenshots@mozilla.org	WARN	Loading extension 'screenshots@mozilla.org': Reading manifest: Invalid extension permission: mozillaAddons
1573213850760	addons.webextension.screenshots@mozilla.org	WARN	Loading extension 'screenshots@mozilla.org': Reading manifest: Invalid extension permission: telemetry
1573213850761	addons.webextension.screenshots@mozilla.org	WARN	Loading extension 'screenshots@mozilla.org': Reading manifest: Invalid extension permission: resource://pdf.js/
1573213850761	addons.webextension.screenshots@mozilla.org	WARN	Loading extension 'screenshots@mozilla.org': Reading manifest: Invalid extension permission: about:reader*
1573213852955	Marionette	INFO	Listening on port 58394
1573213852986	Marionette	WARN	TLS certificate errors will be ignored for this session
1573213878271	Marionette	INFO	Stopped listening on port 58394
1573213879365	Marionette	INFO	Stopped listening on port 58288
1573214016776	mozrunner::runner	INFO	Running command: "/Applications/Firefox.app/Contents/MacOS/firefox-bin" "-marionette" "-foreground" "-no-remote" "-profile" "/var/folders/hn/gcqdsj4j3056tn2s60lkfhtr0000gn/T/rust_mozprofileu1Fz1V"
1573214017550	addons.webextension.screenshots@mozilla.org	WARN	Loading extension 'screenshots@mozilla.org': Reading manifest: Invalid extension permission: mozillaAddons
1573214017550	addons.webextension.screenshots@mozilla.org	WARN	Loading extension 'screenshots@mozilla.org': Reading manifest: Invalid extension permission: telemetry
1573214017550	addons.webextension.screenshots@mozilla.org	WARN	Loading extension 'screenshots@mozilla.org': Reading manifest: Invalid extension permission: resource://pdf.js/
1573214017551	addons.webextension.screenshots@mozilla.org	WARN	Loading extension 'screenshots@mozilla.org': Reading manifest: Invalid extension permission: about:reader*
1573214020067	Marionette	INFO	Listening on port 58689
1573214020143	Marionette	WARN	TLS certificate errors will be ignored for this session
1573214045438	mozrunner::runner	INFO	Running command: "/Applications/Firefox.app/Contents/MacOS/firefox-bin" "-marionette" "-foreground" "-no-remote" "-profile" "/var/folders/hn/gcqdsj4j3056tn2s60lkfhtr0000gn/T/rust_mozprofilev6YjMc"
1573214046133	addons.webextension.screenshots@mozilla.org	WARN	Loading extension 'screenshots@mozilla.org': Reading manifest: Invalid extension permission: mozillaAddons
1573214046133	addons.webextension.screenshots@mozilla.org	WARN	Loading extension 'screenshots@mozilla.org': Reading manifest: Invalid extension permission: telemetry
1573214046133	addons.webextension.screenshots@mozilla.org	WARN	Loading extension 'screenshots@mozilla.org': Reading manifest: Invalid extension permission: resource://pdf.js/
1573214046133	addons.webextension.screenshots@mozilla.org	WARN	Loading extension 'screenshots@mozilla.org': Reading manifest: Invalid extension permission: about:reader*
1573214048603	Marionette	INFO	Listening on port 58778
1573214048656	Marionette	WARN	TLS certificate errors will be ignored for this session
1573214054592	Marionette	INFO	Stopped listening on port 58778
1573214057012	Marionette	INFO	Stopped listening on port 58689
1573217082592	mozrunner::runner	INFO	Running command: "/Applications/Firefox.app/Contents/MacOS/firefox-bin" "-marionette" "-foreground" "-no-remote" "-profile" "/var/folders/hn/gcqdsj4j3056tn2s60lkfhtr0000gn/T/rust_mozprofileFRIm5r"
1573217083821	addons.webextension.screenshots@mozilla.org	WARN	Loading extension 'screenshots@mozilla.org': Reading manifest: Invalid extension permission: mozillaAddons
1573217083821	addons.webextension.screenshots@mozilla.org	WARN	Loading extension 'screenshots@mozilla.org': Reading manifest: Invalid extension permission: telemetry
1573217083821	addons.webextension.screenshots@mozilla.org	WARN	Loading extension 'screenshots@mozilla.org': Reading manifest: Invalid extension permission: resource://pdf.js/
1573217083821	addons.webextension.screenshots@mozilla.org	WARN	Loading extension 'screenshots@mozilla.org': Reading manifest: Invalid extension permission: about:reader*
1573217086623	Marionette	INFO	Listening on port 60711
1573217086631	Marionette	WARN	TLS certificate errors will be ignored for this session
1573217134097	mozrunner::runner	INFO	Running command: "/Applications/Firefox.app/Contents/MacOS/firefox-bin" "-marionette" "-foreground" "-no-remote" "-profile" "/var/folders/hn/gcqdsj4j3056tn2s60lkfhtr0000gn/T/rust_mozprofileRKdNXx"
1573217134903	addons.webextension.screenshots@mozilla.org	WARN	Loading extension 'screenshots@mozilla.org': Reading manifest: Invalid extension permission: mozillaAddons
1573217134903	addons.webextension.screenshots@mozilla.org	WARN	Loading extension 'screenshots@mozilla.org': Reading manifest: Invalid extension permission: telemetry
1573217134903	addons.webextension.screenshots@mozilla.org	WARN	Loading extension 'screenshots@mozilla.org': Reading manifest: Invalid extension permission: resource://pdf.js/
1573217134904	addons.webextension.screenshots@mozilla.org	WARN	Loading extension 'screenshots@mozilla.org': Reading manifest: Invalid extension permission: about:reader*
1573217137218	Marionette	INFO	Listening on port 60808
1573217137274	Marionette	WARN	TLS certificate errors will be ignored for this session
1573217147772	Marionette	INFO	Stopped listening on port 60808
[Parent 32697, Gecko_IOThread] WARNING: pipe error: Broken pipe: file /builds/worker/workspace/build/src/ipc/chromium/src/chrome/common/ipc_channel_posix.cc, line 728
1573217149647	Marionette	INFO	Stopped listening on port 60711
1573217234006	mozrunner::runner	INFO	Running command: "/Applications/Firefox.app/Contents/MacOS/firefox-bin" "-marionette" "-foreground" "-no-remote" "-profile" "/var/folders/hn/gcqdsj4j3056tn2s60lkfhtr0000gn/T/rust_mozprofile0HM7yf"
1573217234863	addons.webextension.screenshots@mozilla.org	WARN	Loading extension 'screenshots@mozilla.org': Reading manifest: Invalid extension permission: mozillaAddons
1573217234864	addons.webextension.screenshots@mozilla.org	WARN	Loading extension 'screenshots@mozilla.org': Reading manifest: Invalid extension permission: telemetry
1573217234864	addons.webextension.screenshots@mozilla.org	WARN	Loading extension 'screenshots@mozilla.org': Reading manifest: Invalid extension permission: resource://pdf.js/
1573217234864	addons.webextension.screenshots@mozilla.org	WARN	Loading extension 'screenshots@mozilla.org': Reading manifest: Invalid extension permission: about:reader*
1573217237338	Marionette	INFO	Listening on port 60908
1573217237386	Marionette	WARN	TLS certificate errors will be ignored for this session
JavaScript error: https://s0.2mdn.net/instream/video/client.js, line 32: NS_ERROR_NOT_INITIALIZED: 
JavaScript error: https://s0.2mdn.net/instream/video/client.js, line 32: NS_ERROR_NOT_INITIALIZED: 
JavaScript error: https://s0.2mdn.net/instream/video/client.js, line 32: NS_ERROR_NOT_INITIALIZED: 
JavaScript error: https://s0.2mdn.net/instream/video/client.js, line 32: NS_ERROR_NOT_INITIALIZED: 
JavaScript error: https://s0.2mdn.net/instream/video/client.js, line 32: NS_ERROR_NOT_INITIALIZED: 
JavaScript error: https://s0.2mdn.net/instream/video/client.js, line 32: NS_ERROR_NOT_INITIALIZED: 
JavaScript error: https://s0.2mdn.net/instream/video/client.js, line 32: NS_ERROR_NOT_INITIALIZED: 
JavaScript error: https://s0.2mdn.net/instream/video/client.js, line 32: NS_ERROR_NOT_INITIALIZED: 
JavaScript error: https://s0.2mdn.net/instream/video/client.js, line 32: NS_ERROR_NOT_INITIALIZED: 
JavaScript error: https://s0.2mdn.net/instream/video/client.js, line 32: NS_ERROR_NOT_INITIALIZED: 
JavaScript error: https://s0.2mdn.net/instream/video/client.js, line 32: NS_ERROR_NOT_INITIALIZED: 
JavaScript error: https://s0.2mdn.net/instream/video/client.js, line 32: NS_ERROR_NOT_INITIALIZED: 
JavaScript error: https://s0.2mdn.net/instream/video/client.js, line 32: NS_ERROR_NOT_INITIALIZED: 
JavaScript error: https://s0.2mdn.net/instream/video/client.js, line 32: NS_ERROR_NOT_INITIALIZED: 
JavaScript error: https://s0.2mdn.net/instream/video/client.js, line 32: NS_ERROR_NOT_INITIALIZED: 
JavaScript error: https://s0.2mdn.net/instream/video/client.js, line 32: NS_ERROR_NOT_INITIALIZED: 
JavaScript error: https://s0.2mdn.net/instream/video/client.js, line 32: NS_ERROR_NOT_INITIALIZED: 
JavaScript error: https://s0.2mdn.net/instream/video/client.js, line 32: NS_ERROR_NOT_INITIALIZED: 
1573217332616	mozrunner::runner	INFO	Running command: "/Applications/Firefox.app/Contents/MacOS/firefox-bin" "-marionette" "-foreground" "-no-remote" "-profile" "/var/folders/hn/gcqdsj4j3056tn2s60lkfhtr0000gn/T/rust_mozprofileqmSVQe"
1573217333313	addons.webextension.screenshots@mozilla.org	WARN	Loading extension 'screenshots@mozilla.org': Reading manifest: Invalid extension permission: mozillaAddons
1573217333314	addons.webextension.screenshots@mozilla.org	WARN	Loading extension 'screenshots@mozilla.org': Reading manifest: Invalid extension permission: telemetry
1573217333314	addons.webextension.screenshots@mozilla.org	WARN	Loading extension 'screenshots@mozilla.org': Reading manifest: Invalid extension permission: resource://pdf.js/
1573217333314	addons.webextension.screenshots@mozilla.org	WARN	Loading extension 'screenshots@mozilla.org': Reading manifest: Invalid extension permission: about:reader*
1573217335685	Marionette	INFO	Listening on port 61352
1573217335725	Marionette	WARN	TLS certificate errors will be ignored for this session
1573217342374	Marionette	INFO	Stopped listening on port 61352
1573217383153	Marionette	INFO	Stopped listening on port 60908
